Flow report for ControleElevadorF
Fri Nov 25 20:16:46 2011
Quartus II Version 9.0 Build 132 02/25/2009 SJ Web Edition


---------------------
; Table of Contents ;
---------------------
  1. Legal Notice
  2. Flow Summary
  3. Flow Settings
  4. Flow Non-Default Global Settings
  5. Flow Elapsed Time
  6. Flow OS Summary
  7. Flow Log



----------------
; Legal Notice ;
----------------
Copyright (C) 1991-2009 Altera Corporation
Your use of Altera Corporation's design tools, logic functions 
and other software and tools, and its AMPP partner logic 
functions, and any output files from any of the foregoing 
(including device programming or simulation files), and any 
associated documentation or information are expressly subject 
to the terms and conditions of the Altera Program License 
Subscription Agreement, Altera MegaCore Function License 
Agreement, or other applicable license agreement, including, 
without limitation, that your use is for the sole purpose of 
programming logic devices manufactured by Altera and sold by 
Altera or its authorized distributors.  Please refer to the 
applicable agreement for further details.



+-------------------------------------------------------------------+
; Flow Summary                                                      ;
+-------------------------+-----------------------------------------+
; Flow Status             ; Successful - Fri Nov 25 20:16:46 2011   ;
; Quartus II Version      ; 9.0 Build 132 02/25/2009 SJ Web Edition ;
; Revision Name           ; ControleElevadorF                       ;
; Top-level Entity Name   ; ElevadoresFinal                         ;
; Family                  ; Cyclone                                 ;
; Device                  ; EP1C6Q240C8                             ;
; Timing Models           ; Final                                   ;
; Met timing requirements ; No                                      ;
; Total logic elements    ; 1,300 / 5,980 ( 22 % )                  ;
; Total pins              ; 9 / 185 ( 5 % )                         ;
; Total virtual pins      ; 0                                       ;
; Total memory bits       ; 7,168 / 92,160 ( 8 % )                  ;
; Total PLLs              ; 1 / 2 ( 50 % )                          ;
+-------------------------+-----------------------------------------+


+-----------------------------------------+
; Flow Settings                           ;
+-------------------+---------------------+
; Option            ; Setting             ;
+-------------------+---------------------+
; Start date & time ; 11/25/2011 20:16:04 ;
; Main task         ; Compilation         ;
; Revision Name     ; ControleElevadorF   ;
+-------------------+---------------------+


+-----------------------------------------------------------------------------------------------------------------------------------------------------------------------------------+
; Flow Non-Default Global Settings                                                                                                                                                  ;
+------------------------------------+---------------------------------------------------------------------------------------+-------------------+-----------------+----------------+
; Assignment Name                    ; Value                                                                                 ; Default Value     ; Entity Name     ; Section Id     ;
+------------------------------------+---------------------------------------------------------------------------------------+-------------------+-----------------+----------------+
; COMPILER_SIGNATURE_ID              ; 155121704773.132225936401732                                                          ; --                ; --              ; --             ;
; MISC_FILE                          ; C:/Documents and Settings/20081000341/Desktop/ControleElevadorF/ControleElevadorF.dpf ; --                ; --              ; --             ;
; PARTITION_COLOR                    ; 16764057                                                                              ; --                ; ElevadoresFinal ; Top            ;
; PARTITION_NETLIST_TYPE             ; SOURCE                                                                                ; --                ; ElevadoresFinal ; Top            ;
; TOP_LEVEL_ENTITY                   ; ElevadoresFinal                                                                       ; ControleElevadorF ; --              ; --             ;
; USE_GENERATED_PHYSICAL_CONSTRAINTS ; Off                                                                                   ; --                ; --              ; eda_blast_fpga ;
+------------------------------------+---------------------------------------------------------------------------------------+-------------------+-----------------+----------------+


+-----------------------------------------------------------------------------------------------------------------------------+
; Flow Elapsed Time                                                                                                           ;
+-------------------------+--------------+-------------------------+---------------------+------------------------------------+
; Module Name             ; Elapsed Time ; Average Processors Used ; Peak Virtual Memory ; Total CPU Time (on all processors) ;
+-------------------------+--------------+-------------------------+---------------------+------------------------------------+
; Analysis & Synthesis    ; 00:00:19     ; 1.0                     ; 201 MB              ; 00:00:18                           ;
; Fitter                  ; 00:00:17     ; 1.0                     ; 177 MB              ; 00:00:17                           ;
; Assembler               ; 00:00:02     ; 1.0                     ; 156 MB              ; 00:00:03                           ;
; Classic Timing Analyzer ; 00:00:01     ; 1.0                     ; 121 MB              ; 00:00:01                           ;
; Total                   ; 00:00:39     ; --                      ; --                  ; 00:00:39                           ;
+-------------------------+--------------+-------------------------+---------------------+------------------------------------+


+---------------------------------------------------------------------------------------+
; Flow OS Summary                                                                       ;
+-------------------------+------------------+------------+------------+----------------+
; Module Name             ; Machine Hostname ; OS Name    ; OS Version ; Processor type ;
+-------------------------+------------------+------------+------------+----------------+
; Analysis & Synthesis    ; FRBRV-ACD103017  ; Windows XP ; 5.1        ; i686           ;
; Fitter                  ; FRBRV-ACD103017  ; Windows XP ; 5.1        ; i686           ;
; Assembler               ; FRBRV-ACD103017  ; Windows XP ; 5.1        ; i686           ;
; Classic Timing Analyzer ; FRBRV-ACD103017  ; Windows XP ; 5.1        ; i686           ;
+-------------------------+------------------+------------+------------+----------------+


------------
; Flow Log ;
------------
quartus_map --read_settings_files=on --write_settings_files=off ControleElevadorF -c ControleElevadorF
quartus_fit --read_settings_files=off --write_settings_files=off ControleElevadorF -c ControleElevadorF
quartus_asm --read_settings_files=off --write_settings_files=off ControleElevadorF -c ControleElevadorF
quartus_tan --read_settings_files=off --write_settings_files=off ControleElevadorF -c ControleElevadorF --timing_analysis_only



